[debug] [2023-01-28T07:53:35.953Z] ----------------------------------------------------------------------
[debug] [2023-01-28T07:53:35.956Z] Command:       C:\Program Files\nodejs\node.exe C:\Users\asmis\AppData\Roaming\npm\node_modules\firebase-tools\lib\bin\firebase.js init
[debug] [2023-01-28T07:53:35.957Z] CLI Version:   10.9.2
[debug] [2023-01-28T07:53:35.957Z] Platform:      win32
[debug] [2023-01-28T07:53:35.957Z] Node Version:  v14.17.2
[debug] [2023-01-28T07:53:35.959Z] Time:          Sat Jan 28 2023 13:23:35 GMT+0530 (India Standard Time)
[debug] [2023-01-28T07:53:35.959Z] ----------------------------------------------------------------------
[debug] 
[debug] [2023-01-28T07:53:36.082Z] > command requires scopes: ["email","openid","https://www.googleapis.com/auth/cloudplatformprojects.readonly","https://www.googleapis.com/auth/firebase","https://www.googleapis.com/auth/cloud-platform"]
[debug] [2023-01-28T07:53:36.083Z] > authorizing via signed-in user (asmisthecat@gmail.com)
[info] 
     ######## #### ########  ######## ########     ###     ######  ########
     ##        ##  ##     ## ##       ##     ##  ##   ##  ##       ##
     ######    ##  ########  ######   ########  #########  ######  ######
     ##        ##  ##    ##  ##       ##     ## ##     ##       ## ##
     ##       #### ##     ## ######## ########  ##     ##  ######  ########

You're about to initialize a Firebase project in this directory:

  D:\clone linkedin\LINKEDIN CLONE\LinkedIn-Clone---React-Project---si7pav9gbpz1\LinkedIn-Clone---React-Project---si7pav9gbpz1\linkedin

Before we get started, keep in mind:

  * You are initializing within an existing Firebase project directory

[info] 
=== Project Setup
[info] 
[info] First, let's associate this project directory with a Firebase project.
[info] You can create multiple project aliases by running firebase use --add, 
[info] but for now we'll just set up a default project.
[info] 
[debug] [2023-01-28T07:54:10.425Z] Using project from CLI flag: linkdin-clone-using-redux
[debug] [2023-01-28T07:54:10.431Z] >>> [apiv2][query] GET https://firebase.googleapis.com/v1beta1/projects/linkdin-clone-using-redux [none]
[debug] [2023-01-28T07:54:11.280Z] <<< [apiv2][status] GET https://firebase.googleapis.com/v1beta1/projects/linkdin-clone-using-redux 403
[debug] [2023-01-28T07:54:11.280Z] <<< [apiv2][body] GET https://firebase.googleapis.com/v1beta1/projects/linkdin-clone-using-redux {"error":{"code":403,"message":"The caller does not have permission","status":"PERMISSION_DENIED"}}
[debug] [2023-01-28T07:54:11.282Z] HTTP Error: 403, The caller does not have permission
[debug] [2023-01-28T07:54:11.658Z] FirebaseError: HTTP Error: 403, The caller does not have permission
    at module.exports (C:\Users\asmis\AppData\Roaming\npm\node_modules\firebase-tools\lib\responseToError.js:47:12)
    at RetryOperation._fn (C:\Users\asmis\AppData\Roaming\npm\node_modules\firebase-tools\lib\apiv2.js:286:39)
    at processTicksAndRejections (internal/process/task_queues.js:95:5)
[error] 
[error] Error: Failed to get Firebase project linkdin-clone-using-redux. Please make sure the project exists and your account has permission to access it.
